{"level":"info","message":"INV | ID: RA1411003010458  query: ra1411003010458","timestamp":"2015-12-10T23:32:27.207Z"}
{"level":"info","message":"INV | ID: RA1411003010458  query: ra1411003010458","timestamp":"2015-12-10T23:32:42.096Z"}
{"level":"info","message":"INV | ID: RA1411003010458  query: ra1411003010458","timestamp":"2015-12-10T23:32:45.326Z"}
{"level":"info","message":"INV | ID: RA1411003010458  query: ra1411003010458","timestamp":"2015-12-10T23:33:44.973Z"}
{"level":"info","message":"INV | ID: RA1411003010480  query: RA1411003010590","timestamp":"2015-12-11T02:02:35.644Z"}
{"level":"info","message":"INV | ID: RA1411003010632  query: Ra1411003010632","timestamp":"2015-12-11T04:36:49.721Z"}
{"level":"info","message":"INV | ID: RA1411003010460  query: Vaishali malik","timestamp":"2015-12-11T05:07:27.250Z"}
{"level":"info","message":"INV | ID: RA1411003010460  query: Aashna sharma","timestamp":"2015-12-11T05:07:47.928Z"}
{"level":"info","message":"INV | ID: RA1411003010480  query:   Koushik Grandhi ","timestamp":"2015-12-11T05:59:46.966Z"}
{"level":"info","message":"INV | ID: RA1411003010480  query: Maths","timestamp":"2015-12-11T05:59:55.101Z"}
{"level":"info","message":"VLD | ID: RA1411003010389  query: How much I scored in dcf","timestamp":"2015-12-11T06:15:41.469Z"}
{"level":"info","message":"VLD | ID: RA1411003010389  query: Overall performance of RA1411003010390","timestamp":"2015-12-11T06:16:31.020Z"}
{"level":"info","message":"VLD | ID: RA1411003010389  query: Overall performance of RA1411003010385","timestamp":"2015-12-11T06:18:15.091Z"}
{"level":"info","message":"VLD | ID: RA1411003010389  query: Overall performance of RA1411003010389","timestamp":"2015-12-11T06:19:59.376Z"}
{"level":"info","message":"VLD | ID: RA1411003010593  query: How much students failed in microprocessor?","timestamp":"2015-12-11T06:44:49.131Z"}
{"level":"info","message":"VLD | ID: RA1411003010593  query: How much students failed in maths","timestamp":"2015-12-11T06:45:30.524Z"}
{"level":"info","message":"INV | ID: RA1411003010084  query: My overall performance","timestamp":"2015-12-11T07:04:14.926Z"}
{"level":"info","message":"VLD | ID: RA1411003010084  query: Overall performance of ra1411003010084","timestamp":"2015-12-11T07:04:40.707Z"}
{"level":"info","message":"INV | ID: RA1411003010432  query: ","timestamp":"2015-12-11T08:30:18.184Z"}
{"level":"info","message":"VLD | ID: RA1411003010432  query: How much i scored in microprocessor?","timestamp":"2015-12-11T08:30:35.778Z"}
{"level":"info","message":"INV | ID: RA1411003010432  query: RA1411003010432","timestamp":"2015-12-11T08:31:03.153Z"}
{"level":"info","message":"INV | ID: RA1411003010606  query: Dcf","timestamp":"2015-12-11T09:46:31.543Z"}
{"level":"info","message":"INV | ID: RA1411003010487  query: RA1411003010487","timestamp":"2015-12-11T17:27:28.618Z"}
{"level":"info","message":"INV | ID: RA1411003010487  query: RA1411003010455","timestamp":"2015-12-11T17:33:23.385Z"}
{"level":"info","message":"VLD | ID: RA1411003010487  query: How many students failed in math","timestamp":"2015-12-11T17:33:50.375Z"}
{"level":"info","message":"VLD | ID: RA1411003010487  query: How many students passed in micro internals","timestamp":"2015-12-11T17:34:24.644Z"}
{"level":"info","message":"INV | ID: RA1411003010487  query: How many students passed in japanese","timestamp":"2015-12-11T17:34:41.350Z"}
{"level":"info","message":"INV | ID: RA1411003010487  query: How many students failed in japanese","timestamp":"2015-12-11T17:34:49.288Z"}
{"level":"info","message":"VLD | ID: RA1411003010487  query: How much I scored in microprocessor","timestamp":"2015-12-11T17:35:02.348Z"}
{"level":"info","message":"INV | ID: RA1411003010487  query: How much I scored in pd","timestamp":"2015-12-11T17:35:22.727Z"}
{"level":"info","message":"VLD | ID: RA1411003010487  query: How much I scored in dcf","timestamp":"2015-12-11T17:35:26.820Z"}
{"level":"info","message":"VLD | ID: RA1411003010487  query: How much I scored in oops","timestamp":"2015-12-11T17:35:30.464Z"}
{"level":"info","message":"VLD | ID: RA1411003010487  query: How much I scored in ooad","timestamp":"2015-12-11T17:35:36.196Z"}
{"level":"info","message":"INV | ID: RA1411003010487  query: How much I scored in Japanese","timestamp":"2015-12-11T17:35:45.251Z"}
{"level":"info","message":"INV | ID: RA1411003010487  query: How much I scored in French","timestamp":"2015-12-11T17:35:50.201Z"}
{"level":"info","message":"INV | ID: RA1411003010487  query: How much I scored in mathematics","timestamp":"2015-12-11T17:35:55.248Z"}
{"level":"info","message":"VLD | ID: RA1411003010487  query: How much I scored in maths","timestamp":"2015-12-11T17:35:58.945Z"}
{"level":"info","message":"VLD | ID: RA1411003010300  query: how many students passed in maths","timestamp":"2015-12-12T17:25:20.655Z"}
{"level":"info","message":"INV | ID: RA1411003010300  query: how many students got s in maths","timestamp":"2015-12-12T17:25:46.917Z"}
{"level":"info","message":"VLD | ID: RA1411003010300  query: my overall score","timestamp":"2015-12-12T17:26:07.233Z"}
{"level":"info","message":"INV | ID: RA1411003010300  query: overall score for ra1411003010287","timestamp":"2015-12-12T17:27:09.180Z"}
{"level":"info","message":"INV | ID: RA1411003010300  query: overall score  ra1411003010287","timestamp":"2015-12-12T17:27:13.789Z"}
{"level":"info","message":"INV | ID: RA1411003010300  query: overall score ra1411003010287","timestamp":"2015-12-12T17:27:17.313Z"}
{"level":"info","message":"VLD | ID: RA1411003010300  query: overall score of ra1411003010287","timestamp":"2015-12-12T17:27:31.441Z"}
{"level":"info","message":"VLD | ID: RA1411003010300  query: overall score of ra1411003010289","timestamp":"2015-12-12T17:27:52.962Z"}
{"level":"info","message":"INV | ID: RA1411003010625  query: sayan das","timestamp":"2016-01-05T19:35:29.696Z"}
{"level":"info","message":"VLD | ID: RA1411003010625  query: what is my overall performance","timestamp":"2016-01-05T19:45:31.262Z"}
{"level":"info","message":"VLD | ID: RA1411003010625  query: overall performance of ra1411003010625","timestamp":"2016-01-06T16:14:24.878Z"}
{"level":"info","message":"VLD | ID: RA1411003010625  query: how many students failed in maths","timestamp":"2016-01-06T16:14:58.968Z"}
{"level":"info","message":"VLD | ID: RA1411003010625  query: how many subjects I failed ","timestamp":"2016-01-06T16:15:32.572Z"}
{"level":"info","message":"VLD | ID: RA1411003010462  query: how many students failed in maths","timestamp":"2016-01-07T07:30:57.921Z"}
{"level":"info","message":"VLD | ID: RA1411003010462  query: compare me with ra1411003010463","timestamp":"2016-01-07T07:31:40.834Z"}
{"level":"info","message":"VLD | ID: RA1411003010462  query: compare me with ra1411003010455","timestamp":"2016-01-07T07:32:28.247Z"}
{"level":"info","message":"VLD | ID: RA1411003010462  query: highest marks in maths","timestamp":"2016-01-07T07:33:04.281Z"}
{"level":"info","message":"INV | ID: RA1411003010447  query: what is registration number of rishika abrol","timestamp":"2016-01-07T07:34:57.404Z"}
{"level":"info","message":"INV | ID: RA1411003010447  query: rishika abrol","timestamp":"2016-01-07T07:35:05.856Z"}
{"level":"info","message":"INV | ID: RA1411003010447  query: marks of rishika abrol","timestamp":"2016-01-07T07:35:10.070Z"}
{"level":"info","message":"INV | ID: RA1411003010447  query: marks of rishika ","timestamp":"2016-01-07T07:35:15.131Z"}
{"level":"info","message":"VLD | ID: RA1411003010447  query: how i scored in oops","timestamp":"2016-01-07T07:35:28.922Z"}
{"level":"info","message":"INV | ID: RA1411003010447  query: compare me with aakash","timestamp":"2016-01-07T07:35:49.895Z"}
{"level":"info","message":"VLD | ID: RA1411003010447  query: compare me with ra1411003010462","timestamp":"2016-01-07T07:35:58.587Z"}
{"level":"info","message":"VLD | ID: RA1411003010447  query: compare me with ra1411003010461","timestamp":"2016-01-07T07:36:28.331Z"}
{"level":"info","message":"VLD | ID: RA1411003010447  query: compare me with ra1411003010460","timestamp":"2016-01-07T07:36:56.477Z"}
{"level":"info","message":"VLD | ID: RA1411003010447  query: my overall score","timestamp":"2016-01-07T07:37:23.300Z"}
{"level":"info","message":"INV | ID: RA1411003010462  query: My total score","timestamp":"2016-01-08T09:08:36.960Z"}
{"level":"info","message":"VLD | ID: RA1411003010462  query: My score in maths","timestamp":"2016-01-08T09:08:47.730Z"}
{"level":"info","message":"INV | ID: RA1411003010462  query: My score ","timestamp":"2016-01-08T09:10:22.533Z"}
{"level":"info","message":"VLD | ID: RA1411003010462  query: My score in electric circuit","timestamp":"2016-01-08T09:10:39.202Z"}
{"level":"info","message":"INV | ID: RA1411003010462  query: How much i scored in ec","timestamp":"2016-01-08T09:11:12.848Z"}
{"level":"info","message":"VLD | ID: RA1411003010462  query: My overall score","timestamp":"2016-01-08T09:11:37.205Z"}
{"level":"info","message":"INV | ID: RA1411003010589  query: Zoya yasin","timestamp":"2016-01-08T15:59:45.520Z"}
{"level":"info","message":"INV | ID: RA1411003010589  query: ra1411003010585","timestamp":"2016-01-08T15:59:57.652Z"}
{"level":"info","message":"INV | ID: RA1411003010589  query: RA1411003010585","timestamp":"2016-01-08T16:00:19.928Z"}
{"level":"info","message":"INV | ID: RA1411003010589  query: RA1411003010589","timestamp":"2016-01-08T16:00:30.072Z"}
{"level":"info","message":"INV | ID: RA1411003010589  query: RA1411003010625","timestamp":"2016-01-08T16:00:44.777Z"}
{"level":"info","message":"VLD | ID: RA1411003010585  query: What is my overall performance","timestamp":"2016-01-08T16:01:12.290Z"}
{"level":"info","message":"VLD | ID: RA1411003010589  query: Overall performance","timestamp":"2016-01-08T16:02:10.861Z"}
{"level":"info","message":"VLD | ID: RA1411003010240  query: Overall performance","timestamp":"2016-01-09T11:31:35.038Z"}
{"level":"info","message":"VLD | ID: RA1411003010485  query: overall score","timestamp":"2016-01-11T07:56:43.881Z"}
{"level":"info","message":"VLD | ID: RA1411003010485  query: overall score","timestamp":"2016-01-11T07:57:12.400Z"}
{"level":"info","message":"VLD | ID: RA1411003010485  query: overall score","timestamp":"2016-01-11T07:59:48.701Z"}
{"level":"info","message":"INV | ID: RA1411003010425  query: RA1411003010425","timestamp":"2016-01-16T16:28:05.276Z"}
{"level":"info","message":"VLD | ID: RA1411003010425  query: Overall score of RA1411003010425","timestamp":"2016-01-16T16:28:14.139Z"}
{"level":"info","message":"VLD | ID: RA1411003010485  query: overall score","timestamp":"2016-01-16T16:31:31.307Z"}
{"level":"info","message":"VLD | ID: RA1411003010425  query: overall performance of RA1411003010585","timestamp":"2016-01-16T16:36:00.877Z"}
{"level":"info","message":"VLD | ID: RA1411003010485  query: Id of daksh ","timestamp":"2016-01-16T16:36:51.120Z"}
{"level":"info","message":"VLD | ID: RA1411003010485  query: Id of daksh kumar","timestamp":"2016-01-16T16:36:51.423Z"}
{"level":"info","message":"VLD | ID: RA1411003010425  query: overall performance of RA1411003010424","timestamp":"2016-01-16T16:36:59.206Z"}
{"level":"info","message":"VLD | ID: RA1411003010485  query: overall performance of RA1411003010447 ","timestamp":"2016-01-16T16:37:19.688Z"}
{"level":"info","message":"VLD | ID: RA1411003010425  query: Students failed in DCF","timestamp":"2016-01-16T16:38:35.286Z"}
{"level":"info","message":"VLD | ID: RA1411003010485  query: Students failed in DCF ","timestamp":"2016-01-16T16:38:40.583Z"}
{"level":"info","message":"VLD | ID: RA1411003010425  query: Students failed in OOPS","timestamp":"2016-01-16T16:39:19.800Z"}
{"level":"info","message":"VLD | ID: RA1411003010485  query: overall performance of Ra1411003010493 ","timestamp":"2016-01-16T16:39:30.884Z"}
{"level":"info","message":"VLD | ID: RA1411003010425  query: Students failed in Micro","timestamp":"2016-01-16T16:39:31.469Z"}
{"level":"info","message":"INV | ID: RA1411003010425  query: Students failed in French","timestamp":"2016-01-16T16:39:38.051Z"}
{"level":"info","message":"VLD | ID: RA1411003010485  query: Id of Deepashu","timestamp":"2016-01-17T10:12:41.107Z"}
{"level":"info","message":"VLD | ID: RA1411003010485  query: Id of Depashu","timestamp":"2016-01-17T10:12:49.716Z"}
{"level":"info","message":"VLD | ID: RA1411003010485  query: Id of Depanshu","timestamp":"2016-01-17T10:13:02.455Z"}
{"level":"info","message":"VLD | ID: RA1411003010485  query: Id of Depan","timestamp":"2016-01-17T10:13:08.614Z"}
{"level":"info","message":"VLD | ID: RA1411003010485  query: Id of Dep","timestamp":"2016-01-17T10:13:18.048Z"}
{"level":"info","message":"VLD | ID: RA1411003010485  query: Id of sayan","timestamp":"2016-01-17T10:13:23.610Z"}
{"level":"info","message":"VLD | ID: RA1411003010485  query: Id of deep","timestamp":"2016-01-17T10:13:34.004Z"}
{"level":"info","message":"VLD | ID: RA1411003010485  query: Overall score of ra1411003010468","timestamp":"2016-01-17T10:14:24.965Z"}
{"level":"info","message":"VLD | ID: RA1411003010485  query: Id of rajdrep","timestamp":"2016-01-17T10:15:20.933Z"}
{"level":"info","message":"VLD | ID: RA1411003010485  query: Id of rajdeep","timestamp":"2016-01-17T10:15:24.103Z"}
{"level":"info","message":"VLD | ID: RA1411003010485  query: Overall score of ra1411003010524","timestamp":"2016-01-17T10:15:47.984Z"}
{"level":"info","message":"VLD | ID: RA1411003010493  query: Overall performance of RA1411003010493","timestamp":"2016-01-17T10:18:26.719Z"}
{"level":"info","message":"VLD | ID: RA1411003010485  query: Overall score of ra1411003010493","timestamp":"2016-01-17T11:21:08.912Z"}
{"level":"info","message":"INV | ID: RA1411003010493  query: Pranjal Srivastav","timestamp":"2016-01-17T12:30:40.460Z"}
{"level":"info","message":"INV | ID: RA1411003010493  query: Pranjal Srivastava","timestamp":"2016-01-17T12:30:45.944Z"}
{"level":"info","message":"VLD | ID: RA1411003010493  query: Id of Pranjal Srivastava","timestamp":"2016-01-17T12:30:53.718Z"}
{"level":"info","message":"VLD | ID: RA1411003010493  query: Id of Pranjal Srivastav","timestamp":"2016-01-17T12:30:58.537Z"}
{"level":"info","message":"INV | ID: RA1411003010493  query: I'd of shashwat hegde","timestamp":"2016-01-17T12:31:54.929Z"}
{"level":"info","message":"VLD | ID: RA1411003010493  query: Id of shashwat hegde","timestamp":"2016-01-17T12:32:03.020Z"}
{"level":"info","message":"VLD | ID: RA1411003010493  query: Id of pranjal","timestamp":"2016-01-17T12:32:15.787Z"}
{"level":"info","message":"VLD | ID: RA1411003010493  query: Id of prayaas","timestamp":"2016-01-17T12:32:27.403Z"}
{"level":"info","message":"VLD | ID: RA1411003010493  query: Id of prayas","timestamp":"2016-01-17T12:32:30.173Z"}
{"level":"info","message":"INV | ID: RA1411003010485  query: Compare ne with ra1411003010499","timestamp":"2016-01-17T12:50:05.300Z"}
{"level":"info","message":"INV | ID: RA1411003010485  query: Compare ne with ra1411003010490","timestamp":"2016-01-17T12:50:15.477Z"}
{"level":"info","message":"VLD | ID: RA1411003010485  query: Compare me with ra1411003010490","timestamp":"2016-01-17T12:50:17.808Z"}
{"level":"info","message":"VLD | ID: RA1411003010485  query: overall score","timestamp":"2016-01-17T22:45:31.772Z"}
{"level":"info","message":"VLD | ID: RA1411003010485  query: id of SUSHANT SHEKHAR","timestamp":"2016-01-17T22:46:37.266Z"}
{"level":"info","message":"VLD | ID: RA1411003010485  query: overall score of RA1411003010713","timestamp":"2016-01-17T22:46:48.846Z"}
{"level":"info","message":"VLD | ID: RA1411003010485  query: overall score of RA1411003010048","timestamp":"2016-01-17T22:49:41.773Z"}
{"level":"info","message":"VLD | ID: RA1411003010485  query: overall score of RA1411003010440","timestamp":"2016-01-17T22:50:43.285Z"}
{"level":"info","message":"VLD | ID: RA1411003010485  query: overall score of RA1411003010329","timestamp":"2016-01-17T22:51:17.036Z"}
{"level":"info","message":"VLD | ID: RA1411003010485  query: overall score of RA1411003010480","timestamp":"2016-01-17T22:52:41.677Z"}
{"level":"info","message":"VLD | ID: RA1411003010485  query: overall score ","timestamp":"2016-01-17T22:53:20.691Z"}
{"level":"info","message":"VLD | ID: RA1411003010462  query: My overall score","timestamp":"2016-01-18T05:46:48.737Z"}
{"level":"info","message":"VLD | ID: RA1411003010633  query: Overall performance","timestamp":"2016-01-18T07:47:08.037Z"}
{"level":"info","message":"VLD | ID: RA1411003010633  query: overall performance of ra1411003010625","timestamp":"2016-01-18T08:03:58.862Z"}
{"level":"info","message":"INV | ID: RA1411003010633  query: How many subjects I failef","timestamp":"2016-01-18T08:05:02.555Z"}
{"level":"info","message":"VLD | ID: RA1411003010633  query: How many subjects I failed","timestamp":"2016-01-18T08:05:04.957Z"}
{"level":"info","message":"VLD | ID: RA1411003010491  query: Overall performance of RA1411003010491","timestamp":"2016-01-18T08:33:56.648Z"}
{"level":"info","message":"VLD | ID: RA1411003010491  query: How many students failed in oops?","timestamp":"2016-01-18T08:35:16.649Z"}
{"level":"info","message":"INV | ID: RA1411003010491  query: How many subjects u failed ?","timestamp":"2016-01-18T08:35:45.227Z"}
{"level":"info","message":"INV | ID: RA1411003010491  query: How many subjects i failed ?","timestamp":"2016-01-18T08:35:50.017Z"}
{"level":"info","message":"INV | ID: RA1411003010491  query: How many subjects i failed in ?","timestamp":"2016-01-18T08:36:06.242Z"}
{"level":"info","message":"INV | ID: RA1411003010491  query: How many subjects failed in maths?","timestamp":"2016-01-18T08:36:27.992Z"}
{"level":"info","message":"INV | ID: RA1411003010491  query: How many subjects failed in math?","timestamp":"2016-01-18T08:36:31.495Z"}
{"level":"info","message":"INV | ID: RA1411003010491  query: How many sudents failed in math?","timestamp":"2016-01-18T08:36:39.702Z"}
{"level":"info","message":"VLD | ID: RA1411003010491  query: How many students failed in math?","timestamp":"2016-01-18T08:36:42.967Z"}
{"level":"info","message":"VLD | ID: RA1411003010491  query: How many students failed in  electrical?","timestamp":"2016-01-18T08:37:09.032Z"}
{"level":"info","message":"VLD | ID: RA1411003010491  query: Overall performance of RA1411003010491","timestamp":"2016-01-18T08:37:34.167Z"}
{"level":"info","message":"VLD | ID: RA1411003010491  query: Overall performance of RA1411003010491","timestamp":"2016-01-18T08:38:39.123Z"}
{"level":"info","message":"VLD | ID: RA1411003010491  query: How many students failed in CS1009?","timestamp":"2016-01-18T08:40:31.460Z"}
{"level":"info","message":"INV | ID: RA1411003010491  query: Hsheue","timestamp":"2016-01-18T08:45:59.326Z"}
{"level":"info","message":"INV | ID: RA1411003010491  query: Shashwat Hegde","timestamp":"2016-01-18T08:46:04.606Z"}
{"level":"info","message":"INV | ID: RA1411003010491  query: Shashwat Hegde","timestamp":"2016-01-18T08:46:06.466Z"}
{"level":"info","message":"VLD | ID: RA1411003010491  query: My DCF marks","timestamp":"2016-01-18T08:46:20.943Z"}
{"level":"info","message":"VLD | ID: RA1411003010491  query: DCF marks of RA1411003010491","timestamp":"2016-01-18T08:46:37.100Z"}
{"level":"info","message":"VLD | ID: RA1411003010491  query: OOAD marks of RA1411003010491","timestamp":"2016-01-18T08:49:53.584Z"}
{"level":"info","message":"VLD | ID: RA1411003010462  query: My overall score","timestamp":"2016-01-18T14:10:55.247Z"}
{"level":"info","message":"VLD | ID: RA1411003010436  query: My overall score","timestamp":"2016-01-18T14:11:46.445Z"}
{"level":"info","message":"INV | ID: RA1411003010436  query: Aja","timestamp":"2016-01-18T14:12:03.814Z"}
{"level":"info","message":"VLD | ID: RA1411003010436  query: My overall score","timestamp":"2016-01-18T14:12:11.628Z"}
{"level":"info","message":"VLD | ID: RA1411003010437  query: My overall score","timestamp":"2016-01-18T14:14:25.960Z"}
{"level":"info","message":"INV | ID: RA1411003010633  query: Overall performance of ","timestamp":"2016-01-18T14:43:58.373Z"}
{"level":"info","message":"INV | ID: RA1411003010633  query: Overall performance of ","timestamp":"2016-01-18T14:44:00.705Z"}
{"level":"info","message":"VLD | ID: RA1411003010633  query: Overall performance ","timestamp":"2016-01-18T14:44:02.215Z"}
{"level":"info","message":"VLD | ID: RA1411003010633  query: Overall performance of ra1411003010609","timestamp":"2016-01-18T14:44:47.271Z"}
{"level":"info","message":"VLD | ID: RA1411003010633  query: How many students failed in matha","timestamp":"2016-01-18T14:45:17.994Z"}
{"level":"info","message":"VLD | ID: RA1411003010633  query: How many students failed in maths","timestamp":"2016-01-18T14:45:20.155Z"}
{"level":"info","message":"INV | ID: RA1411003010485  query: compare me with ra141100301490","timestamp":"2016-01-18T15:57:42.942Z"}
{"level":"info","message":"VLD | ID: RA1411003010485  query: compare me with ra1411003010490","timestamp":"2016-01-18T15:57:46.667Z"}
{"level":"info","message":"VLD | ID: RA1411003010633  query: Overall performance of ra1411003010625","timestamp":"2016-01-18T17:43:22.360Z"}
{"level":"info","message":"VLD | ID: RA1411003010491  query: Id  of Abhishek Singh","timestamp":"2016-01-18T19:41:28.391Z"}
{"level":"info","message":"VLD | ID: RA1411003010491  query: Id  of Abhishek Singh","timestamp":"2016-01-18T19:41:28.637Z"}
{"level":"info","message":"VLD | ID: RA1411003010491  query: Overall performance of RA1411003010776","timestamp":"2016-01-18T19:42:06.260Z"}
{"level":"info","message":"VLD | ID: OVERALL PERFORMANCE OF RA1411003010425  query: My overall score","timestamp":"2016-01-18T21:13:41.548Z"}
{"level":"info","message":"VLD | ID: OVERALL PERFORMANCE OF RA1411003010425  query: How much I scored in DCF?","timestamp":"2016-01-18T21:14:00.789Z"}
{"level":"info","message":"VLD | ID: OVERALL PERFORMANCE OF RA1411003010425  query: compare me with ra1411003010425","timestamp":"2016-01-18T21:14:35.180Z"}
{"level":"info","message":"VLD | ID: RA1411003010465  query: how many people ave failed in dcf","timestamp":"2016-01-19T08:31:53.524Z"}
{"level":"info","message":"INV | ID: RA1411003010465  query: how many people ave failed in def","timestamp":"2016-01-19T08:31:57.848Z"}
{"level":"info","message":"VLD | ID: RA1411003010465  query: how many people ave failed in dcf","timestamp":"2016-01-19T08:32:04.068Z"}
{"level":"info","message":"VLD | ID: RA1411003010465  query: how many people have failed in dcf","timestamp":"2016-01-19T08:32:23.157Z"}
{"level":"info","message":"VLD | ID: RA1411003010240  query: overall performance","timestamp":"2016-01-19T18:05:25.643Z"}
{"level":"info","message":"VLD | ID: RA1411003010625  query: how many students failed in oops","timestamp":"2016-01-20T07:47:32.192Z"}
{"level":"info","message":"VLD | ID: RA1411003010625  query: how many students failed in micro","timestamp":"2016-01-20T07:48:15.735Z"}
{"level":"info","message":"VLD | ID: RA1411003010625  query: how many students failed in oops","timestamp":"2016-01-20T07:48:43.045Z"}
{"level":"info","message":"VLD | ID: RA1411003010625  query: overall performance of ra1411003010633","timestamp":"2016-01-20T07:49:23.289Z"}
{"level":"info","message":"VLD | ID: RA1411003010625  query: overall performance of ra1411003010601","timestamp":"2016-01-20T07:52:24.769Z"}
{"level":"info","message":"VLD | ID: RA1411003010625  query: overall performance of ra1411003010623","timestamp":"2016-01-20T07:53:47.120Z"}
{"level":"info","message":"INV | ID: RA1411003010625  query: overall performance of ra1411011010040","timestamp":"2016-01-20T07:54:38.846Z"}
{"level":"info","message":"INV | ID: RA1411003010625  query: overall performance of ra1411011010040","timestamp":"2016-01-20T07:54:58.490Z"}
{"level":"info","message":"VLD | ID: RA1411003010625  query: overall performance of ra1411003010633","timestamp":"2016-01-20T07:55:34.640Z"}
{"level":"info","message":"VLD | ID: RA1411003010625  query: overall performance of ra1411003010618","timestamp":"2016-01-20T07:57:07.023Z"}
{"level":"info","message":"VLD | ID: RA1411003010625  query: overall performance of ra1411003010610","timestamp":"2016-01-20T07:57:45.592Z"}
{"level":"info","message":"VLD | ID: RA1411003010625  query: overall performance of ra1411003010594","timestamp":"2016-01-20T07:58:31.712Z"}
{"level":"info","message":"VLD | ID: RA1411003010625  query: overall performance of ra1411003010635","timestamp":"2016-01-20T07:59:02.007Z"}
{"level":"info","message":"VLD | ID: RA1411003010625  query: overall performance of ra1411003010636","timestamp":"2016-01-20T07:59:27.076Z"}
{"level":"info","message":"VLD | ID: RA1411003010625  query: overall performance of ra1411003010606","timestamp":"2016-01-20T08:00:26.499Z"}
{"level":"info","message":"VLD | ID: RA1411003010625  query: overall performance of ra1411003010607","timestamp":"2016-01-20T08:00:48.016Z"}
{"level":"info","message":"VLD | ID: RA1411003010625  query: overall performance of ra1411003010608","timestamp":"2016-01-20T08:00:55.390Z"}
{"level":"info","message":"VLD | ID: RA1411003010625  query: overall performance of ra1411003010609","timestamp":"2016-01-20T08:01:44.146Z"}
{"level":"info","message":"VLD | ID: RA1411003010625  query: overall performance of ra1411003010611","timestamp":"2016-01-20T08:02:25.959Z"}
{"level":"info","message":"VLD | ID: RA1411003010485  query: how many subjects i failed","timestamp":"2016-01-20T09:26:19.049Z"}
{"level":"info","message":"INV | ID: RA1411003010485  query: how many subjects i failed ?","timestamp":"2016-01-20T09:26:22.048Z"}
{"level":"info","message":"INV | ID: RA1411003010485  query: how many subjects i failed?","timestamp":"2016-01-20T09:26:25.152Z"}
{"level":"info","message":"VLD | ID: OVERALL PERFORMANCE OF RA1411003010425  query: my overall score","timestamp":"2016-01-20T09:36:33.810Z"}
{"level":"info","message":"VLD | ID: OVERALL PERFORMANCE OF RA1411003010425  query: my overall score","timestamp":"2016-01-20T09:36:46.132Z"}
{"level":"info","message":"VLD | ID: RA1411003010485  query: how many people ave failed in dcf","timestamp":"2016-01-20T09:38:32.378Z"}
{"level":"info","message":"VLD | ID: RA1411003010485  query: how many people failed in dcf","timestamp":"2016-01-20T09:38:45.125Z"}
{"level":"info","message":"VLD | ID: RA1411003010485  query: students failed in dcf","timestamp":"2016-01-20T09:38:57.604Z"}
{"level":"info","message":"VLD | ID: RA1411003010485  query: How many students failed in electrical?","timestamp":"2016-01-20T09:40:17.790Z"}
{"level":"info","message":"VLD | ID: RA1411003010485  query: How many students failed in electrical?","timestamp":"2016-01-20T09:40:18.621Z"}
{"level":"info","message":"VLD | ID: RA1411003010485  query: How many people failed in electrical?","timestamp":"2016-01-20T09:40:27.299Z"}
{"level":"info","message":"VLD | ID: RA1411003010485  query: How many people failed in electrical?","timestamp":"2016-01-20T09:40:38.521Z"}
{"level":"info","message":"VLD | ID: RA1411003010485  query: How many people failed in electrical?","timestamp":"2016-01-20T09:40:58.618Z"}
{"level":"info","message":"VLD | ID: RA1411003010485  query: How many students failed in electrical?","timestamp":"2016-01-20T09:41:02.877Z"}
{"level":"info","message":"VLD | ID: RA1411003010485  query: ow many people have failed in dcf","timestamp":"2016-01-20T09:42:49.889Z"}
{"level":"info","message":"VLD | ID: RA1411003010485  query: overall score of RA1411003010240","timestamp":"2016-01-20T09:43:17.692Z"}
{"level":"info","message":"VLD | ID: RA1411003010485  query: how many people passed in dcf","timestamp":"2016-01-20T09:48:27.799Z"}
{"level":"info","message":"VLD | ID: RA1411003010485  query: how many student passed in dcf","timestamp":"2016-01-20T09:48:37.249Z"}
{"level":"info","message":"VLD | ID: RA1411003010485  query: how many students passed in dcf","timestamp":"2016-01-20T09:48:39.129Z"}
{"level":"info","message":"VLD | ID: RA1411003010485  query: students passed in dcf","timestamp":"2016-01-20T09:48:42.175Z"}
{"level":"info","message":"VLD | ID: RA1411003010485  query: students passed in dcf ?","timestamp":"2016-01-20T09:51:03.020Z"}
{"level":"info","message":"VLD | ID: RA1411003010485  query: id of sayan das ?","timestamp":"2016-01-20T09:51:29.918Z"}
{"level":"info","message":"VLD | ID: RA1411003010485  query: compare me with ra1411003010490","timestamp":"2016-01-20T09:54:48.049Z"}
{"level":"info","message":"VLD | ID: RA1411003010485  query: compare me with ra1411003010490 ?","timestamp":"2016-01-20T09:54:50.841Z"}
{"level":"info","message":"VLD | ID: RA1411003010485  query: compare me with ra1411003010490?","timestamp":"2016-01-20T09:54:53.542Z"}
{"level":"info","message":"VLD | ID: RA1411003010485  query: score of ra1411003010490","timestamp":"2016-01-20T09:55:24.379Z"}
{"level":"info","message":"VLD | ID: RA1411003010485  query: score of ra1411003010490 ?","timestamp":"2016-01-20T09:55:30.511Z"}
{"level":"info","message":"VLD | ID: RA1411003010485  query: score of ra1411003010490?","timestamp":"2016-01-20T09:55:32.875Z"}
{"level":"info","message":"VLD | ID: RA1411003010485  query: score of ra1411003010490?","timestamp":"2016-01-20T09:55:33.365Z"}
{"level":"info","message":"INV | ID: RA1411003010485  query: how many subjects i failed in ?","timestamp":"2016-01-20T10:00:59.393Z"}
{"level":"info","message":"VLD | ID: RA1411003010485  query: how many subjects i failed in ","timestamp":"2016-01-20T10:01:07.920Z"}
{"level":"info","message":"INV | ID: RA1411003010485  query: ad","timestamp":"2016-01-20T12:06:54.594Z"}
{"level":"info","message":"VLD | ID: RA1411003010485  query: id of argha","timestamp":"2016-01-20T12:07:00.488Z"}
{"level":"info","message":"VLD | ID: RA1411003010485  query: score of RA1411003010523 in oops","timestamp":"2016-01-20T12:07:15.619Z"}
{"level":"info","message":"VLD | ID: RA1411003010485  query: score of RA1411003010485 in oops","timestamp":"2016-01-20T12:07:38.431Z"}
{"level":"info","message":"VLD | ID: RA1411003010485  query: score of RA1411003010523 in maths","timestamp":"2016-01-20T12:10:52.781Z"}
{"level":"info","message":"VLD | ID: RA1411003010485  query: score of RA1411003010485 in maths","timestamp":"2016-01-20T12:11:04.862Z"}
{"level":"info","message":"VLD | ID: RA1411003010485  query: score of RA1411003010523 in maths","timestamp":"2016-01-20T12:11:14.382Z"}
{"level":"info","message":"VLD | ID: RA1411003010485  query: id of shubham","timestamp":"2016-01-20T12:45:51.724Z"}
{"level":"info","message":"VLD | ID: RA1411003010485  query: score of RA1411003010458 in oops","timestamp":"2016-01-20T12:46:05.145Z"}
{"level":"info","message":"INV | ID: RA1411003010587  query: RA1411003010784","timestamp":"2016-01-20T18:19:40.690Z"}
{"level":"info","message":"INV | ID: RA1411003010587  query: RA1411003010460","timestamp":"2016-01-20T18:19:44.609Z"}
{"level":"info","message":"VLD | ID: RA1411003010491  query: oops marks of RA1411003010493","timestamp":"2016-01-20T20:35:42.955Z"}
{"level":"info","message":"VLD | ID: RA1411003010491  query: micro marks of RA1411003010493","timestamp":"2016-01-20T20:36:58.476Z"}
{"level":"info","message":"VLD | ID: RA1411003010491  query: OOAD marks of RA1411003010493","timestamp":"2016-01-20T20:37:10.233Z"}
{"level":"info","message":"VLD | ID: RA1411003010491  query: students failed in micro","timestamp":"2016-01-20T20:39:13.971Z"}
{"level":"info","message":"VLD | ID: RA1411003010490  query: compare me with ra1411003010485","timestamp":"2016-01-20T20:51:16.598Z"}
{"level":"info","message":"VLD | ID: RA1411003010601  query: how many students failed in micro","timestamp":"2016-01-21T12:25:52.368Z"}
{"level":"info","message":"VLD | ID: RA1411003010601  query: how many students failed in maths","timestamp":"2016-01-21T12:26:10.183Z"}
{"level":"info","message":"VLD | ID: RA1411003010601  query: how many students failed in EE","timestamp":"2016-01-21T12:26:32.521Z"}
{"level":"info","message":"INV | ID: RA1411003010601  query: how many students failed in french","timestamp":"2016-01-21T12:27:02.485Z"}
{"level":"info","message":"INV | ID: RA1411003010601  query: how many students failed in language","timestamp":"2016-01-21T12:27:11.624Z"}
{"level":"info","message":"VLD | ID: RA1411003010601  query: how many students failed in micro","timestamp":"2016-01-21T13:56:21.429Z"}
{"level":"info","message":"INV | ID: RA1411003010601  query: how many students failed in EC","timestamp":"2016-01-21T13:56:30.731Z"}
{"level":"info","message":"VLD | ID: RA1411003010601  query: how many students failed in EE","timestamp":"2016-01-21T13:56:36.148Z"}
{"level":"info","message":"VLD | ID: RA1411003010601  query: how many students failed in maths","timestamp":"2016-01-21T13:56:42.282Z"}
{"level":"info","message":"VLD | ID: RA1411003010601  query: how many students failed in DCF","timestamp":"2016-01-21T13:56:49.379Z"}
{"level":"info","message":"INV | ID: RA1411003010601  query: how many students failed in PD","timestamp":"2016-01-21T13:56:58.698Z"}
{"level":"info","message":"INV | ID: RA1411003010601  query: how many students failed in Aptitude","timestamp":"2016-01-21T13:57:08.682Z"}
{"level":"info","message":"INV | ID: RA1411003010601  query: how many students failed in LE","timestamp":"2016-01-21T13:57:13.674Z"}
{"level":"info","message":"VLD | ID: RA1411003010601  query: how many students failed in OOPS","timestamp":"2016-01-21T13:57:21.856Z"}
{"level":"info","message":"VLD | ID: RA1411003010601  query: how many students failed in micro","timestamp":"2016-01-21T13:57:29.674Z"}
{"level":"info","message":"VLD | ID: RA1411003010601  query: how many students failed in ooad","timestamp":"2016-01-21T13:57:34.839Z"}
{"level":"info","message":"VLD | ID: RA1411003010601  query: overall performance of RA1411003010594","timestamp":"2016-01-21T13:58:12.680Z"}
{"level":"info","message":"VLD | ID: RA1411003010601  query: overall performance of RA1411003010542","timestamp":"2016-01-21T13:59:03.068Z"}
{"level":"info","message":"VLD | ID: RA1411003010601  query: overall performance of RA1411003010610","timestamp":"2016-01-21T13:59:39.097Z"}
{"level":"info","message":"VLD | ID: RA1411003010601  query: overall performance of RA1411003010609","timestamp":"2016-01-21T14:00:34.840Z"}
{"level":"info","message":"VLD | ID: RA1411003010601  query: overall performance of RA1411003010601","timestamp":"2016-01-21T14:01:05.516Z"}
{"level":"info","message":"VLD | ID: RA1411003010601  query: overall performance of RA1411003010611","timestamp":"2016-01-21T14:01:22.095Z"}
{"level":"info","message":"VLD | ID: RA1411003010601  query: overall performance of RA1411003010553","timestamp":"2016-01-21T14:01:53.420Z"}
{"level":"info","message":"VLD | ID: RA1411003010601  query: overall performance of RA1411003010555","timestamp":"2016-01-21T14:02:35.602Z"}
{"level":"info","message":"VLD | ID: RA1411003010601  query: overall performance of RA1411003010575","timestamp":"2016-01-21T14:03:09.310Z"}
{"level":"info","message":"VLD | ID: RA1411003010601  query: overall performance of RA1411003010633","timestamp":"2016-01-21T14:03:32.801Z"}
{"level":"info","message":"VLD | ID: RA1411003010601  query: overall performance of RA1411003010619","timestamp":"2016-01-21T14:04:09.404Z"}
{"level":"info","message":"VLD | ID: RA1411003010601  query: overall performance of RA1411003010627","timestamp":"2016-01-21T14:05:32.734Z"}
{"level":"info","message":"VLD | ID: RA1411003010601  query: overall performance of RA1411003010554","timestamp":"2016-01-21T14:06:47.901Z"}
{"level":"info","message":"VLD | ID: RA1411003010601  query: overall performance of RA1411003010594","timestamp":"2016-01-21T14:07:35.503Z"}
{"level":"info","message":"VLD | ID: RA1411003010601  query: overall performance of RA1411003010601","timestamp":"2016-01-21T14:07:54.292Z"}
{"level":"info","message":"VLD | ID: RA1411003010542  query: how many students failed in EE","timestamp":"2016-01-21T14:31:14.387Z"}
{"level":"info","message":"VLD | ID: RA1411003010542  query: how many students failed in maths","timestamp":"2016-01-21T14:31:47.788Z"}
{"level":"info","message":"INV | ID: RA1411003010542  query: RA1411003010554","timestamp":"2016-01-21T14:32:05.629Z"}
{"level":"info","message":"INV | ID: RA1411003010542  query: internal of RA1411003010554","timestamp":"2016-01-21T14:32:55.760Z"}
{"level":"info","message":"INV | ID: RA1411003010542  query: internal checker","timestamp":"2016-01-21T14:33:27.683Z"}
{"level":"info","message":"INV | ID: RA1411003010542  query: home","timestamp":"2016-01-21T14:33:49.406Z"}
{"level":"info","message":"VLD | ID: RA1411003010542  query: how much RA1411003010542 scored in Maths","timestamp":"2016-01-21T14:34:16.535Z"}
{"level":"info","message":"INV | ID: RA1411003010542  query: RA1411003010549 in micro","timestamp":"2016-01-21T14:34:44.263Z"}
{"level":"info","message":"VLD | ID: RA1411003010542  query: how much RA1411003010554 scored in  micro","timestamp":"2016-01-21T14:35:07.917Z"}
{"level":"info","message":"VLD | ID: RA1411003010542  query: how much RA1411003010554 scored in oops","timestamp":"2016-01-21T14:35:33.932Z"}
{"level":"info","message":"VLD | ID: RA1411003010542  query: how much RA1411003010554 scored in maths","timestamp":"2016-01-21T14:35:47.880Z"}
{"level":"info","message":"VLD | ID: RA1411003010542  query: how RA1411003010554 performed in maths","timestamp":"2016-01-21T14:36:45.490Z"}
{"level":"info","message":"VLD | ID: RA1411003010542  query: how RA1411003010554 performed in oops","timestamp":"2016-01-21T14:37:01.314Z"}
{"level":"info","message":"VLD | ID: RA1411003010542  query: how RA1411003010554 performed in micro","timestamp":"2016-01-21T14:37:13.038Z"}
{"level":"info","message":"VLD | ID: RA1411003010542  query: how RA1411003010554 performed in dcf","timestamp":"2016-01-21T14:37:22.624Z"}
{"level":"info","message":"VLD | ID: RA1411003010542  query: how RA1411003010554 performed in chinese","timestamp":"2016-01-21T14:37:32.872Z"}
{"level":"info","message":"VLD | ID: RA1411003010542  query: how RA1411003010542 performed","timestamp":"2016-01-21T14:39:17.828Z"}
{"level":"info","message":"VLD | ID: RA1411003010485  query: overall score of RA1411003010601","timestamp":"2016-01-22T07:54:50.431Z"}
{"level":"info","message":"VLD | ID: RA1411003010633  query: how much i scored in ooad","timestamp":"2016-01-22T08:18:29.968Z"}
{"level":"info","message":"VLD | ID: RA1411003010633  query: how much i scored in dcf","timestamp":"2016-01-22T08:18:40.841Z"}
{"level":"info","message":"VLD | ID: RA1411003010633  query: how much i scored in ee","timestamp":"2016-01-22T08:18:53.225Z"}
{"level":"info","message":"VLD | ID: RA1411003010485  query: Students failed in micro","timestamp":"2016-01-22T11:54:12.176Z"}
{"level":"info","message":"VLD | ID: RA1411003010485  query: Score of ra1411003010458 in micro","timestamp":"2016-01-22T12:51:22.134Z"}
{"level":"info","message":"VLD | ID: RA1411003010485  query: Score of ra1411003010485 in micro","timestamp":"2016-01-22T12:51:42.248Z"}
{"level":"info","message":"VLD | ID: RA1411003010493  query: My overall performance","timestamp":"2016-01-22T14:02:17.298Z"}
{"level":"info","message":"VLD | ID: RA1411003010633  query: my overall performance","timestamp":"2016-01-22T15:57:00.983Z"}
{"level":"info","message":"VLD | ID: RA1411003010633  query: overall performance of ra1411003010617","timestamp":"2016-01-22T15:58:57.553Z"}
{"level":"info","message":"INV | ID: RA1411003010601  query: ra1411003010601","timestamp":"2016-01-23T12:19:29.930Z"}
{"level":"info","message":"INV | ID: RA1411003010601  query: RA1411003010601","timestamp":"2016-01-23T12:19:39.954Z"}
{"level":"info","message":"VLD | ID: RA1411003010601  query: overall performance of RA1411003010601","timestamp":"2016-01-23T12:19:56.475Z"}
{"level":"info","message":"VLD | ID: RA1411003010601  query: overall performance of RA1411003010594","timestamp":"2016-01-23T12:20:05.697Z"}
{"level":"info","message":"VLD | ID: RA1411003010601  query: overall performance of RA1411003010618","timestamp":"2016-01-23T12:20:23.953Z"}
{"level":"info","message":"VLD | ID: RA1411003010601  query: overall performance of RA1411003010632","timestamp":"2016-01-23T12:21:08.457Z"}
{"level":"info","message":"VLD | ID: RA1411003010601  query: overall performance of RA1411003010631","timestamp":"2016-01-23T12:21:25.527Z"}
{"level":"info","message":"VLD | ID: RA1411003010601  query: overall performance of RA1411003010632","timestamp":"2016-01-23T12:21:29.822Z"}
{"level":"info","message":"VLD | ID: RA1411003010601  query: overall performance of RA1411003010633","timestamp":"2016-01-23T12:21:32.086Z"}
{"level":"info","message":"VLD | ID: RA1411003010601  query: overall performance of RA1411003010629","timestamp":"2016-01-23T12:21:39.713Z"}
{"level":"info","message":"VLD | ID: RA1411003010601  query: overall performance of RA1411003010625","timestamp":"2016-01-23T12:21:55.018Z"}
{"level":"info","message":"VLD | ID: RA1411003010601  query: overall performance of RA1411003010626","timestamp":"2016-01-23T12:22:09.679Z"}
{"level":"info","message":"VLD | ID: RA1411003010601  query: overall performance of RA1411003010627","timestamp":"2016-01-23T12:22:19.073Z"}
{"level":"info","message":"VLD | ID: RA1411003010601  query: overall performance of RA1411003010630","timestamp":"2016-01-23T12:22:28.988Z"}
{"level":"info","message":"VLD | ID: RA1411003010601  query: overall performance of RA1411003010601","timestamp":"2016-01-23T12:22:42.541Z"}
{"level":"info","message":"VLD | ID: RA1411003010601  query: overall performance of RA1411003010604","timestamp":"2016-01-23T12:22:58.962Z"}
{"level":"info","message":"VLD | ID: RA1411003010601  query: overall performance of RA1411003010605","timestamp":"2016-01-23T12:23:19.668Z"}
{"level":"info","message":"INV | ID: RA1411003010601  query: performance","timestamp":"2016-01-23T12:25:09.451Z"}
{"level":"info","message":"VLD | ID: RA1411003010601  query: overall performance of RA1411003010601","timestamp":"2016-01-23T12:25:41.215Z"}
{"level":"info","message":"VLD | ID: RA1411003010601  query: overall performance of RA1411003010610","timestamp":"2016-01-23T12:25:57.885Z"}
{"level":"info","message":"INV | ID: RA1411003010601  query: how many students are failed in maths","timestamp":"2016-01-23T12:27:02.904Z"}
{"level":"info","message":"VLD | ID: RA1411003010601  query: how many students failed in maths","timestamp":"2016-01-23T12:27:14.959Z"}
{"level":"info","message":"VLD | ID: RA1411003010601  query: how many students failed in EE","timestamp":"2016-01-23T12:27:34.160Z"}
{"level":"info","message":"VLD | ID: RA1411003010601  query: how many students failed in ooad","timestamp":"2016-01-23T12:27:45.559Z"}
{"level":"info","message":"VLD | ID: RA1411003010425  query: ooad marks","timestamp":"2016-01-23T14:39:31.543Z"}
{"level":"info","message":"VLD | ID: RA1411003010425  query: my ooad marks","timestamp":"2016-01-23T14:39:40.075Z"}
{"level":"info","message":"VLD | ID: RA1411003010425  query: ooad marks of RA1411003010425","timestamp":"2016-01-23T14:40:04.134Z"}
{"level":"info","message":"VLD | ID: RA1411003010425  query: how much i scored in ooad","timestamp":"2016-01-23T14:41:23.091Z"}
{"level":"info","message":"INV | ID: RA1411003010425  query: how much i scored in japanese","timestamp":"2016-01-23T14:41:32.543Z"}
{"level":"info","message":"INV | ID: RA1411003010425  query: how much i scored in language","timestamp":"2016-01-23T14:41:39.114Z"}
{"level":"info","message":"INV | ID: RA1411003010425  query: my oversll score","timestamp":"2016-01-23T14:41:49.187Z"}
{"level":"info","message":"VLD | ID: RA1411003010425  query: my overall score","timestamp":"2016-01-23T14:41:52.911Z"}
{"level":"info","message":"VLD | ID: RA1411003010485  query: how much i scored in ooad","timestamp":"2016-01-23T15:59:56.792Z"}
{"level":"info","message":"VLD | ID: RA1411003010485  query: ooad marks","timestamp":"2016-01-23T16:00:09.006Z"}
{"level":"info","message":"VLD | ID: RA1411003010485  query: my ooad marks","timestamp":"2016-01-23T16:00:15.522Z"}
{"level":"info","message":"VLD | ID: RA1411003010485  query: ooad marks of RA1411003010425","timestamp":"2016-01-23T16:00:48.962Z"}
{"level":"info","message":"VLD | ID: RA1411003010485  query: how much i scored in ooad","timestamp":"2016-01-23T16:01:24.850Z"}
{"level":"info","message":"VLD | ID: RA1411003010485  query: score in ooad","timestamp":"2016-01-23T16:01:35.703Z"}
{"level":"info","message":"VLD | ID: RA1411003010636  query: overall performance","timestamp":"2016-01-23T16:29:11.396Z"}
{"level":"info","message":"VLD | ID: RA1411003010636  query: overall performance of ra1411003010625","timestamp":"2016-01-23T16:29:38.342Z"}
{"level":"info","message":"VLD | ID: RA1411003010636  query: overall performance of ra1411003010633","timestamp":"2016-01-23T16:29:55.273Z"}
{"level":"info","message":"INV | ID: RA1411003010493  query: RA1411003010496","timestamp":"2016-01-23T16:34:52.688Z"}
{"level":"info","message":"VLD | ID: RA1411003010493  query: over all performance of RA1411003010496","timestamp":"2016-01-23T16:35:05.708Z"}
{"level":"info","message":"VLD | ID: RA1411003010485  query: my score in ooad","timestamp":"2016-01-23T17:55:15.714Z"}
{"level":"info","message":"VLD | ID: RA1411003010485  query: score of ra1411003010490 in ooad","timestamp":"2016-01-23T17:56:01.579Z"}
{"level":"info","message":"VLD | ID: RA1411003010485  query: score of ra1411003010491 in ooad","timestamp":"2016-01-23T17:56:07.608Z"}
{"level":"info","message":"VLD | ID: RA1411003010485  query: score of ra1411003010492 in ooad","timestamp":"2016-01-23T17:56:16.796Z"}
{"level":"info","message":"VLD | ID: RA1411003010485  query: score of ra1411003010493 in ooad","timestamp":"2016-01-23T17:56:25.017Z"}
{"level":"info","message":"VLD | ID: RA1411003010485  query: score of ra1411003010494 in ooad","timestamp":"2016-01-23T17:56:29.514Z"}
{"level":"info","message":"VLD | ID: RA1411003010485  query: score of ra1411003010495 in ooad","timestamp":"2016-01-23T17:57:06.502Z"}
{"level":"info","message":"VLD | ID: RA1411003010485  query: score of ra1411003010496 in ooad","timestamp":"2016-01-23T17:57:50.383Z"}
{"level":"info","message":"VLD | ID: RA1411003010485  query: id of abhijeet","timestamp":"2016-01-23T17:58:01.506Z"}
{"level":"info","message":"VLD | ID: RA1411003010485  query: id of jagan","timestamp":"2016-01-23T17:58:07.079Z"}
{"level":"info","message":"VLD | ID: RA1411003010485  query: score of RA1411003010625 in ooad","timestamp":"2016-01-23T17:58:16.896Z"}
{"level":"info","message":"VLD | ID: RA1411003010485  query: id of bipul","timestamp":"2016-01-23T17:58:31.879Z"}
{"level":"info","message":"VLD | ID: RA1411003010485  query: score of RA1411003010533 in ooad","timestamp":"2016-01-23T17:58:47.088Z"}
{"level":"info","message":"VLD | ID: RA1411003010485  query: students failed on ooad","timestamp":"2016-01-23T17:59:05.985Z"}
{"level":"info","message":"VLD | ID: RA1411003010485  query: overall students failed on ooad","timestamp":"2016-01-23T17:59:19.190Z"}
{"level":"info","message":"VLD | ID: RA1411003010485  query: students failed on ooad","timestamp":"2016-01-23T17:59:28.218Z"}
{"level":"info","message":"VLD | ID: RA1411003010485  query: students failed on oad","timestamp":"2016-01-23T17:59:31.495Z"}
{"level":"info","message":"VLD | ID: RA1411003010485  query: students failed on oops","timestamp":"2016-01-23T17:59:35.549Z"}
{"level":"info","message":"INV | ID: RA1411003010485  query: students failed on maths","timestamp":"2016-01-23T18:00:01.202Z"}
{"level":"info","message":"VLD | ID: RA1411003010485  query: students passed in maths","timestamp":"2016-01-23T18:02:23.541Z"}
{"level":"info","message":"VLD | ID: RA1411003010485  query: students failed in maths","timestamp":"2016-01-23T18:02:28.308Z"}
{"level":"info","message":"VLD | ID: RA1411003010485  query: students failed in ooad","timestamp":"2016-01-23T18:02:31.924Z"}
{"level":"info","message":"VLD | ID: RA1411003010485  query: overall performance","timestamp":"2016-01-23T18:08:25.195Z"}
{"level":"info","message":"VLD | ID: RA1411003010485  query: id of devansh","timestamp":"2016-01-23T21:11:07.849Z"}
{"level":"info","message":"VLD | ID: RA1411003010485  query: overall score of RA1411003010423","timestamp":"2016-01-23T21:11:17.146Z"}
{"level":"info","message":"VLD | ID: RA1411003010491  query: Overall performance of RA1411003010493","timestamp":"2016-01-27T07:39:43.911Z"}
{"level":"info","message":"VLD | ID: RA1411003010485  query: my overall score","timestamp":"2016-01-28T12:01:12.205Z"}
{"level":"info","message":"VLD | ID: RA1411003010485  query: overall score","timestamp":"2016-01-28T15:35:34.806Z"}
{"level":"info","message":"INV | ID: RA1411003010485  query: overalll score","timestamp":"2016-01-28T17:41:48.723Z"}
{"level":"info","message":"VLD | ID: RA1411003010485  query: overall score","timestamp":"2016-01-28T17:41:51.319Z"}
{"level":"info","message":"VLD | ID: RA1411003010485  query: id of shivang","timestamp":"2016-01-28T17:50:20.156Z"}
{"level":"info","message":"VLD | ID: RA1411003010485  query: overall score of RA1411003010710","timestamp":"2016-01-28T17:50:29.452Z"}
{"level":"info","message":"VLD | ID: RA1411003010485  query: overall performance of  ra1411003010460","timestamp":"2016-01-29T07:20:18.317Z"}
{"level":"info","message":"VLD | ID: RA1411003010485  query: id of zoya","timestamp":"2016-01-29T07:22:18.991Z"}
{"level":"info","message":"VLD | ID: RA1411003010485  query: overall score of RA1411003010589","timestamp":"2016-01-29T07:22:30.709Z"}
{"level":"info","message":"INV | ID: RA1411003010447  query: whats my rank in cse","timestamp":"2016-01-29T14:38:05.230Z"}
{"level":"info","message":"INV | ID: RA1411003010447  query: compare with RA1411003010478","timestamp":"2016-01-29T14:40:59.810Z"}
{"level":"info","message":"VLD | ID: RA1411003010447  query: how much i scored in dcf","timestamp":"2016-01-29T14:41:25.196Z"}
{"level":"info","message":"INV | ID: RA1411003010447  query: compare with ra1411003010478","timestamp":"2016-01-29T14:41:54.116Z"}
{"level":"info","message":"INV | ID: RA1411003010193  query: internals in oops","timestamp":"2016-01-30T16:53:20.330Z"}
{"level":"info","message":"INV | ID: RA1411003010193  query: what is my internals in oops","timestamp":"2016-01-30T16:53:31.949Z"}
{"level":"info","message":"VLD | ID: RA1411003010193  query: how much i scored in oops","timestamp":"2016-01-30T16:53:47.289Z"}
{"level":"info","message":"VLD | ID: RA1411003010485  query: overall score of RA1411003010447","timestamp":"2016-01-30T17:31:39.813Z"}
{"level":"info","message":"VLD | ID: RA1411003010485  query: id of SUSHANT SHEKHAR","timestamp":"2016-01-30T17:33:31.515Z"}
{"level":"info","message":"VLD | ID: RA1411003010485  query: overall score of RA1411003010713","timestamp":"2016-01-30T17:33:41.145Z"}
{"level":"info","message":"VLD | ID: RA1411003010485  query: id of koushik","timestamp":"2016-01-30T17:36:34.209Z"}
{"level":"info","message":"VLD | ID: RA1411003010485  query: id of grandhi","timestamp":"2016-01-30T17:36:47.583Z"}
{"level":"info","message":"VLD | ID: RA1411003010485  query: id of kaushik","timestamp":"2016-01-30T17:36:57.872Z"}
{"level":"info","message":"VLD | ID: RA1411003010485  query: id of koushik","timestamp":"2016-01-30T17:37:03.217Z"}
{"level":"info","message":"VLD | ID: RA1411003010485  query: overall score of RA1411003010480","timestamp":"2016-01-30T17:37:17.972Z"}
{"level":"info","message":"VLD | ID: RA1411003010485  query: id of tanushka","timestamp":"2016-01-30T17:38:52.077Z"}
{"level":"info","message":"VLD | ID: RA1411003010485  query: overall score of RA1411003010464","timestamp":"2016-01-30T17:39:00.255Z"}
{"level":"info","message":"VLD | ID: RA1411003010485  query: overall score of RA1411003010484","timestamp":"2016-01-30T17:39:36.509Z"}
{"level":"info","message":"VLD | ID: RA1411003010485  query: overall score of RA1411003010482","timestamp":"2016-01-30T17:43:26.370Z"}
{"level":"info","message":"VLD | ID: RA1411003010485  query: id of saswat das","timestamp":"2016-02-04T16:45:55.174Z"}
{"level":"info","message":"VLD | ID: RA1411003010485  query: overall score of RA1411003010284","timestamp":"2016-02-04T16:46:10.086Z"}
{"level":"info","message":"VLD | ID: RA1411003010485  query: Id of pavan","timestamp":"2016-02-05T07:40:56.717Z"}
{"level":"info","message":"VLD | ID: RA1411003010485  query: Id of pavan","timestamp":"2016-02-05T07:41:40.117Z"}
{"level":"info","message":"VLD | ID: RA1411003010485  query: Id of pavan","timestamp":"2016-02-05T07:41:40.738Z"}
{"level":"info","message":"VLD | ID: RA1411003010485  query: Id of pavan","timestamp":"2016-02-05T07:41:50.459Z"}
{"level":"info","message":"VLD | ID: RA1411003010485  query: Overall score of RA1411003010457","timestamp":"2016-02-05T07:44:20.574Z"}
{"level":"info","message":"VLD | ID: RA1411003010485  query: Id of shivang","timestamp":"2016-02-05T09:57:38.374Z"}
{"level":"info","message":"VLD | ID: RA1411003010485  query: Overall score of RA1411003010710","timestamp":"2016-02-05T09:58:31.384Z"}
{"level":"info","message":"VLD | ID: RA1411003010485  query: Overall score of ra1411003010455","timestamp":"2016-02-05T10:04:44.680Z"}
{"level":"info","message":"INV | ID: RA1411003010425  query: FUCK YOU SAYAN! :P","timestamp":"2016-02-05T18:23:56.113Z"}
{"level":"info","message":"INV | ID: RA1411003010458  query: RA1411003010458","timestamp":"2016-02-06T23:32:03.699Z"}
{"level":"info","message":"INV | ID: RA1411003010458  query: RA1411003010455","timestamp":"2016-02-06T23:32:11.034Z"}
{"level":"info","message":"INV | ID: RA1411003010458  query: 1411003010455","timestamp":"2016-02-06T23:34:44.448Z"}
{"level":"info","message":"INV | ID: RA1411003010458  query: RA1411003010455","timestamp":"2016-02-06T23:34:50.059Z"}
{"level":"info","message":"VLD | ID: RA1411003010485  query: Overall score of ra1411003010455","timestamp":"2016-02-08T07:57:11.789Z"}
{"level":"info","message":"VLD | ID: RA1411003010425  query: id of achira pal","timestamp":"2016-02-16T15:40:17.057Z"}
{"level":"info","message":"VLD | ID: RA1411003010425  query: overall score of RA1411003010596","timestamp":"2016-02-16T15:40:30.153Z"}
{"level":"info","message":"VLD | ID: RA1411003010425  query: overall score of RA1411003010460","timestamp":"2016-02-16T15:41:13.682Z"}
{"level":"info","message":"VLD | ID: RA1411003010425  query: overall score of RA1411003010425","timestamp":"2016-02-16T15:44:06.895Z"}
{"level":"info","message":"VLD | ID: RA1411003010425  query: overall score of RA1411003010490","timestamp":"2016-02-16T15:44:16.564Z"}
{"level":"info","message":"VLD | ID: RA1411003010425  query: overall score of RA1411003010491","timestamp":"2016-02-16T15:45:01.456Z"}
{"level":"info","message":"VLD | ID: RA1411003010425  query: overall score of RA1411003010485","timestamp":"2016-02-16T15:46:17.827Z"}
{"level":"info","message":"VLD | ID: RA1411003010425  query: overall score of RA1411003010489","timestamp":"2016-02-16T15:47:17.737Z"}
{"level":"info","message":"VLD | ID: RA1411003010425  query: overall score of RA1411003010488","timestamp":"2016-02-16T15:47:28.993Z"}
{"level":"info","message":"VLD | ID: RA1411003010458  query: Id of argha","timestamp":"2016-02-21T09:08:19.688Z"}
{"level":"info","message":"VLD | ID: RA1411003010458  query: Id of Devansh jain","timestamp":"2016-02-21T09:09:28.252Z"}
{"level":"info","message":"VLD | ID: RA1411003010458  query: Id of argha","timestamp":"2016-02-21T09:17:32.569Z"}
{"level":"info","message":"VLD | ID: RA1411003010458  query: Id of devansh jain","timestamp":"2016-02-21T09:26:58.958Z"}
{"level":"info","message":"VLD | ID: RA1411003010458  query: Id of Aman aryan","timestamp":"2016-02-21T09:28:44.456Z"}
{"level":"info","message":"VLD | ID: RA1411003010458  query: Id of devansh jain","timestamp":"2016-02-21T09:30:19.248Z"}
{"level":"info","message":"VLD | ID: RA1411003010490  query: ID of devansh jain","timestamp":"2016-02-21T09:40:01.245Z"}
{"level":"info","message":"VLD | ID: RA1411003010458  query: Id of devansh","timestamp":"2016-02-21T13:39:26.014Z"}
{"level":"info","message":"VLD | ID: RA1411003010425  query: id of nithin kumar","timestamp":"2016-02-25T11:58:19.927Z"}
{"level":"info","message":"INV | ID: RA1411003010425  query: overall performance of nithin kumar","timestamp":"2016-02-25T11:58:32.306Z"}
{"level":"info","message":"VLD | ID: RA1411003010425  query: id of nithin","timestamp":"2016-02-25T11:58:53.002Z"}
{"level":"info","message":"VLD | ID: RA1411003010425  query: id of saurabh garg","timestamp":"2016-02-25T11:59:00.182Z"}
{"level":"info","message":"VLD | ID: RA1411003010425  query: id of Nithin","timestamp":"2016-02-25T11:59:13.305Z"}
{"level":"info","message":"VLD | ID: RA1411003010425  query: id of Nitin Kumar","timestamp":"2016-02-25T11:59:21.356Z"}
{"level":"info","message":"VLD | ID: RA1411003010425  query: id of Nitin","timestamp":"2016-02-25T11:59:25.614Z"}
{"level":"info","message":"VLD | ID: RA1411003010425  query: id of Nithin","timestamp":"2016-02-25T12:01:21.516Z"}
{"level":"info","message":"VLD | ID: RA1411003010425  query: my overall score","timestamp":"2016-02-25T12:01:35.957Z"}
{"level":"info","message":"INV | ID: RA1411003010425  query: well, FUCK YOU AGAIN SAYAN! ;)","timestamp":"2016-02-25T12:09:52.337Z"}
{"level":"info","message":"INV | ID: RA1411003010536  query: RA1411003010536","timestamp":"2016-02-25T20:42:28.386Z"}
{"level":"info","message":"INV | ID: RA1411003010536  query: RA1411003010536","timestamp":"2016-02-25T20:42:31.410Z"}
{"level":"info","message":"INV | ID: RA1411003010536  query: ra1411003010536","timestamp":"2016-02-25T20:42:34.261Z"}
{"level":"info","message":"INV | ID: RA1411003010536  query: 1411003010536","timestamp":"2016-02-25T20:42:36.798Z"}
{"level":"info","message":"VLD | ID: RA1411003010536  query: HOw much i scored in oops","timestamp":"2016-02-25T20:42:49.072Z"}
{"level":"info","message":"VLD | ID: RA1411003010536  query: id of sayan das","timestamp":"2016-02-25T20:43:09.735Z"}
{"level":"info","message":"VLD | ID: RA1411003010536  query: id of samyak jain","timestamp":"2016-02-25T20:43:21.124Z"}
{"level":"info","message":"INV | ID: RA1411003010536  query: compare with samyak jain","timestamp":"2016-02-25T20:43:30.055Z"}
{"level":"info","message":"INV | ID: RA1411003010536  query: samyak jain","timestamp":"2016-02-25T20:43:33.599Z"}
{"level":"info","message":"VLD | ID: RA1411003010536  query: id of samyak jain","timestamp":"2016-02-25T20:43:36.453Z"}
{"level":"info","message":"VLD | ID: RA1411003010536  query: how ra1411003010518 performed in oops","timestamp":"2016-02-25T20:43:56.739Z"}
{"level":"info","message":"VLD | ID: RA1411003010536  query: how ra1411003010543 performed in oops","timestamp":"2016-02-25T20:44:06.192Z"}
{"level":"info","message":"INV | ID: RA1411003010536  query: ra1411003010543","timestamp":"2016-02-25T20:44:19.375Z"}
{"level":"info","message":"INV | ID: RA1411003010536  query: RA1411003010543","timestamp":"2016-02-25T20:44:33.020Z"}
{"level":"info","message":"INV | ID: RA1411003010536  query: ra1411003010543","timestamp":"2016-02-25T20:44:35.624Z"}
{"level":"info","message":"INV | ID: RA1411003010536  query: 1411003010543","timestamp":"2016-02-25T20:44:37.075Z"}
{"level":"info","message":"INV | ID: RA1411003010536  query: alankrith krishnan","timestamp":"2016-02-25T20:44:43.224Z"}
{"level":"info","message":"VLD | ID: RA1411003010536  query: id of alankrith krishnan","timestamp":"2016-02-25T20:44:48.976Z"}
{"level":"info","message":"VLD | ID: RA1411003010536  query: ra1411003010543 scores","timestamp":"2016-02-25T20:45:03.384Z"}
{"level":"info","message":"VLD | ID: RA1411003010536  query: ra1411003010547 scores","timestamp":"2016-02-25T20:45:49.920Z"}
{"level":"info","message":"VLD | ID: RA1411003010536  query: ra1411003010498 scores","timestamp":"2016-02-25T20:46:34.179Z"}
{"level":"info","message":"VLD | ID: RA1411003010536  query: ra1411003010499 scores","timestamp":"2016-02-25T20:46:38.635Z"}
{"level":"info","message":"VLD | ID: RA1411003010536  query: ra1411003010518 scores","timestamp":"2016-02-25T20:47:35.592Z"}
{"level":"info","message":"VLD | ID: RA1411003010536  query: ra1411003010543 scores","timestamp":"2016-02-25T20:48:09.814Z"}
{"level":"info","message":"VLD | ID: RA1411003010536  query: ra1411003010536 scores","timestamp":"2016-02-25T20:48:33.864Z"}
{"level":"info","message":"VLD | ID: RA1411003010536  query: ra1411003010547 scores","timestamp":"2016-02-25T20:50:11.206Z"}
{"level":"info","message":"VLD | ID: RA1411003010425  query: id of manish kumar","timestamp":"2016-02-26T14:26:38.211Z"}
{"level":"info","message":"VLD | ID: RA1411003010425  query: id of nithin k","timestamp":"2016-02-26T15:02:54.248Z"}
{"level":"info","message":"VLD | ID: RA1411003010425  query: id of nithin","timestamp":"2016-02-26T15:02:56.755Z"}
{"level":"info","message":"INV | ID: RA1411003010536  query: maths scores","timestamp":"2016-02-26T18:51:27.010Z"}
{"level":"info","message":"INV | ID: RA1411003010536  query: mathematics scores","timestamp":"2016-02-26T18:51:34.879Z"}
{"level":"info","message":"INV | ID: RA1411003010536  query: scores","timestamp":"2016-02-26T18:51:38.466Z"}
{"level":"info","message":"INV | ID: RA1411003010536  query: score","timestamp":"2016-02-26T18:51:42.476Z"}
{"level":"info","message":"VLD | ID: RA1411003010536  query: how mant students failed in maths","timestamp":"2016-02-26T18:51:54.884Z"}
{"level":"info","message":"VLD | ID: RA1411003010536  query: how much i scored in maths","timestamp":"2016-02-26T18:52:38.233Z"}
{"level":"info","message":"VLD | ID: RA1411003010536  query: how much ra1411003010518 scored in maths","timestamp":"2016-02-26T18:53:02.334Z"}
{"level":"info","message":"VLD | ID: RA1411003010536  query: how much scored in maths","timestamp":"2016-02-26T18:53:11.429Z"}
{"level":"info","message":"VLD | ID: RA1411003010536  query: compare me with ra1411003010518","timestamp":"2016-02-26T18:53:26.101Z"}
{"level":"info","message":"VLD | ID: RA1411003010536  query: compare me with ra1411003010521","timestamp":"2016-02-26T18:55:29.157Z"}
{"level":"info","message":"VLD | ID: RA1411003010536  query: compare me with ra1411003010528","timestamp":"2016-02-26T18:56:24.409Z"}
{"level":"info","message":"VLD | ID: RA1411003010536  query: compare me with ra1411003010499","timestamp":"2016-02-26T18:56:57.892Z"}
{"level":"info","message":"VLD | ID: RA1411003010444  query: id of akhilesh","timestamp":"2016-02-27T19:06:56.089Z"}
{"level":"info","message":"INV | ID: RA1411003010784  query: RA1411003010450","timestamp":"2016-02-28T18:36:57.768Z"}
{"level":"info","message":"INV | ID: RA1411003010784  query: RA1411003010450","timestamp":"2016-02-28T18:37:01.030Z"}
{"level":"info","message":"INV | ID: RA1411003010784  query: RA1411003010450","timestamp":"2016-02-28T18:37:01.090Z"}
{"level":"info","message":"INV | ID: RA1411003010784  query: RA1411003010450","timestamp":"2016-02-28T18:37:02.164Z"}
{"level":"info","message":"VLD | ID: RA1411003010458  query: Id of devansh jain","timestamp":"2016-03-02T09:49:08.361Z"}
{"level":"info","message":"VLD | ID: RA1411003010545  query: how much i scored in maths","timestamp":"2016-03-03T10:18:18.235Z"}
{"level":"info","message":"VLD | ID: RA1411003010545  query: id of rishi khosla","timestamp":"2016-03-03T10:18:38.568Z"}
{"level":"info","message":"VLD | ID: RA1411003010545  query: RA1411003010272 scores","timestamp":"2016-03-03T10:18:50.574Z"}
{"level":"info","message":"VLD | ID: RA1411003010545  query: how many students failed in maths","timestamp":"2016-03-03T10:19:06.451Z"}
{"level":"info","message":"INV | ID: RA1411003010545  query: compare with ra1411003010536","timestamp":"2016-03-03T10:19:41.927Z"}
{"level":"info","message":"INV | ID: RA1411003010545  query: ","timestamp":"2016-03-03T10:19:47.108Z"}
{"level":"info","message":"VLD | ID: RA1411003010545  query: my overall score","timestamp":"2016-03-03T10:22:44.376Z"}
{"level":"info","message":"VLD | ID: RA1411003010545  query: how ra1411003010498 performed in dcf","timestamp":"2016-03-03T10:27:35.215Z"}
{"level":"info","message":"VLD | ID: RA1411003010272  query: Id of shreyas nagare","timestamp":"2016-03-03T12:07:45.914Z"}
{"level":"info","message":"VLD | ID: RA1411003010272  query: Scores of  ra1411003010536","timestamp":"2016-03-03T12:08:22.288Z"}
{"level":"info","message":"VLD | ID: RA1411003010272  query: How much i scored in oops micro ooad pd","timestamp":"2016-03-03T12:09:21.850Z"}
{"level":"info","message":"VLD | ID: RA1411003010272  query: How much i scored in oops micro ooad","timestamp":"2016-03-03T12:09:34.393Z"}
{"level":"info","message":"VLD | ID: RA1411003010272  query: How much i scored in oops micro ooad","timestamp":"2016-03-03T12:09:35.625Z"}
{"level":"info","message":"VLD | ID: RA1411003010272  query: How much i scored in oops micro ooad aptitude","timestamp":"2016-03-03T12:10:00.993Z"}
{"level":"info","message":"INV | ID: RA1411003010536  query: my scores in aptitude","timestamp":"2016-03-05T16:31:38.352Z"}
{"level":"info","message":"INV | ID: RA1411003010536  query: my scores","timestamp":"2016-03-05T16:31:45.417Z"}
{"level":"info","message":"VLD | ID: RA1411003010536  query: overall performance of ra1411003010599","timestamp":"2016-03-05T16:32:11.987Z"}
{"level":"info","message":"VLD | ID: RA1411003010536  query: overall performance of ra1411003010499","timestamp":"2016-03-05T16:32:18.827Z"}
{"level":"info","message":"INV | ID: RA1411003010536  query: overall performance of ra1511003010554","timestamp":"2016-03-05T16:32:37.942Z"}
{"level":"info","message":"VLD | ID: RA1411003010536  query: compare me with ra1411003010543","timestamp":"2016-03-05T16:32:51.359Z"}
{"level":"info","message":"VLD | ID: RA1411003010536  query: how many students failed in maths","timestamp":"2016-03-05T16:33:19.875Z"}
{"level":"info","message":"VLD | ID: RA1411003010536  query: how much i scored in micro","timestamp":"2016-03-05T16:34:01.251Z"}
{"level":"info","message":"VLD | ID: RA1411003010485  query: score of RA1411003010545","timestamp":"2016-03-05T19:54:04.510Z"}
{"level":"info","message":"VLD | ID: RA1411003010485  query: score of RA1411003010272","timestamp":"2016-03-05T19:54:19.706Z"}
{"level":"info","message":"VLD | ID: RA1411003010485  query: score of RA1411003010536","timestamp":"2016-03-05T19:54:53.231Z"}
{"level":"info","message":"VLD | ID: RA1411003010485  query: score of ra1411003010599","timestamp":"2016-03-05T19:55:11.643Z"}
{"level":"info","message":"VLD | ID: RA1411003010485  query: score of ra1411003010543","timestamp":"2016-03-05T19:55:35.147Z"}
{"level":"info","message":"VLD | ID: RA1411003010485  query: score of RA1411003010536","timestamp":"2016-03-05T19:56:43.027Z"}
{"level":"info","message":"VLD | ID: RA1411003010485  query: score of ra1411003010599","timestamp":"2016-03-05T19:58:43.490Z"}
{"level":"info","message":"INV | ID: RA1411003010547  query: rA1411003010791","timestamp":"2016-03-07T13:01:44.618Z"}
{"level":"info","message":"VLD | ID: RA1411003010485  query: id of devansh","timestamp":"2016-03-07T13:45:06.116Z"}
{"level":"info","message":"INV | ID: RA1411003010536  query: 1031310753","timestamp":"2016-03-08T17:06:36.557Z"}
{"level":"info","message":"INV | ID: RA1411003010536  query: scores 1031310753","timestamp":"2016-03-08T17:06:41.440Z"}
{"level":"info","message":"INV | ID: RA1411003010536  query: 1031310753 scores","timestamp":"2016-03-08T17:06:48.764Z"}
{"level":"info","message":"INV | ID: RA1411003010536  query: 1031310753","timestamp":"2016-03-08T17:06:54.868Z"}
{"level":"info","message":"INV | ID: RA1411003010536  query: ra1411003010536","timestamp":"2016-03-08T17:07:00.379Z"}
{"level":"info","message":"VLD | ID: RA1411003010536  query: ra1411003010536 scores","timestamp":"2016-03-08T17:07:05.325Z"}
{"level":"info","message":"INV | ID: RA1411003010536  query: how many students fai;ed in maths","timestamp":"2016-03-08T17:07:39.499Z"}
{"level":"info","message":"VLD | ID: RA1411003010536  query: how many students failed in maths","timestamp":"2016-03-08T17:07:43.397Z"}
{"level":"info","message":"VLD | ID: RA1411003010513  query: id of yash dani","timestamp":"2016-03-14T05:48:26.047Z"}
{"level":"info","message":"VLD | ID: RA1411003010513  query: ra1411003010550 scores","timestamp":"2016-03-14T05:48:45.194Z"}
{"level":"info","message":"VLD | ID: RA1411003010513  query: id of shreyas nagare","timestamp":"2016-03-14T05:49:09.043Z"}
{"level":"info","message":"INV | ID: RA1411003010432  query: Saurabh shukla","timestamp":"2016-03-17T10:24:03.526Z"}
{"level":"info","message":"INV | ID: RA1411003010432  query: RA1411003010491","timestamp":"2016-03-17T10:24:14.054Z"}
{"level":"info","message":"VLD | ID: RA1411003010432  query: How much did RA1411003010420 scored in dcf","timestamp":"2016-03-17T10:24:50.483Z"}
{"level":"info","message":"INV | ID: RA1411003010432  query: Overall performance of RA14110030120","timestamp":"2016-03-17T10:25:32.357Z"}
{"level":"info","message":"INV | ID: RA1411003010432  query: Overall performance of RA141100301020","timestamp":"2016-03-17T10:25:41.369Z"}
{"level":"info","message":"INV | ID: RA1411003010432  query: Overall performance of RA141100301020?","timestamp":"2016-03-17T10:25:50.576Z"}
{"level":"info","message":"VLD | ID: RA1411003010432  query: Overall performance of RA1411003010420?","timestamp":"2016-03-17T10:26:03.594Z"}
{"level":"info","message":"VLD | ID: RA1411003010432  query: Overall performance of RA1411003010420?","timestamp":"2016-03-17T10:26:11.718Z"}
{"level":"info","message":"VLD | ID: RA1411003010432  query: Overall performance of RA1411003010420","timestamp":"2016-03-17T10:26:13.626Z"}
{"level":"info","message":"VLD | ID: RA1411003010432  query: Id of ra1411003010485","timestamp":"2016-03-17T10:26:51.580Z"}
{"level":"info","message":"VLD | ID: RA1411003010485  query: id of sayan","timestamp":"2016-03-18T20:05:21.158Z"}
{"level":"info","message":"VLD | ID: RA1411003010485  query: id of sayan","timestamp":"2016-03-18T20:27:00.120Z"}
{"level":"info","message":"VLD | ID: RA1411003010485  query: id of sayan","timestamp":"2016-03-18T20:27:34.516Z"}
{"level":"info","message":"VLD | ID: RA1411003010485  query: overall score of ra1411003010424","timestamp":"2016-03-18T20:28:04.049Z"}
{"level":"info","message":"VLD | ID: RA1411003010485  query: overall score of ra1411003010420","timestamp":"2016-03-18T20:28:11.490Z"}
{"level":"info","message":"INV | ID: RA1411003010536  query: my scores","timestamp":"2016-03-20T19:32:15.594Z"}
{"level":"info","message":"INV | ID: RA1411003010536  query: my internals","timestamp":"2016-03-20T19:32:23.404Z"}
{"level":"info","message":"VLD | ID: RA1411003010536  query: scores of ra1411003010535","timestamp":"2016-03-20T19:32:34.542Z"}
{"level":"info","message":"INV | ID: RA1411003010458  query: RA1411003010458","timestamp":"2016-03-26T09:05:21.079Z"}
{"level":"info","message":"INV | ID: RA1411003010165  query: ra1411003010165","timestamp":"2016-04-03T12:38:41.704Z"}
{"level":"info","message":"INV | ID: RA1411003010165  query: ra1411003010165 marks","timestamp":"2016-04-03T12:38:47.516Z"}
{"level":"info","message":"VLD | ID: RA1411003010485  query: Id of ra1411003010559","timestamp":"2016-04-07T07:02:35.296Z"}
{"level":"info","message":"VLD | ID: RA1411003010485  query: Id of ra1411003010558","timestamp":"2016-04-07T07:02:49.707Z"}
{"level":"info","message":"VLD | ID: RA1411003010252  query: how many students passed in maths","timestamp":"2016-04-07T14:25:16.697Z"}
{"level":"info","message":"VLD | ID: RA1411003010252  query: how many students passed in electrical","timestamp":"2016-04-07T14:25:55.350Z"}
{"level":"info","message":"VLD | ID: RA1411003010252  query: how many students passed in electrical,oops,ooad","timestamp":"2016-04-07T14:27:30.237Z"}
{"level":"info","message":"VLD | ID: RA1411003010252  query: how many students passed in electrical, oops, ooad","timestamp":"2016-04-07T14:27:35.510Z"}
{"level":"info","message":"INV | ID: RA1411003010485  query: my overall marks","timestamp":"2016-04-11T08:48:36.204Z"}
{"level":"info","message":"VLD | ID: RA1411003010485  query: score in dcf","timestamp":"2016-04-11T08:48:48.734Z"}
{"level":"info","message":"VLD | ID: RA1411003010485  query: my overall score","timestamp":"2016-04-11T08:49:01.269Z"}
{"level":"info","message":"INV | ID: RA1411003010485  query: id os ra1411003010585","timestamp":"2016-04-13T08:58:28.894Z"}
{"level":"info","message":"VLD | ID: RA1411003010485  query: id of ra1411003010585","timestamp":"2016-04-13T08:58:32.934Z"}
{"level":"info","message":"INV | ID:  RA1411003010485  query: What are the marks of ra14110030100057 in maths??","timestamp":"2016-04-20T20:47:10.755Z"}
{"level":"info","message":"VLD | ID: RA1411003010535  query: my overall score","timestamp":"2016-04-25T07:45:23.491Z"}
{"level":"info","message":"VLD | ID: RA1411003010485  query: id of ra1411003010485","timestamp":"2016-05-01T15:04:58.715Z"}
{"level":"info","message":"VLD | ID: RA1411003010485  query: id of sayan das","timestamp":"2016-05-01T15:05:04.716Z"}
{"level":"info","message":"INV | ID: RA1411003010485  query: who is RA1411003010565","timestamp":"2016-05-01T15:05:58.551Z"}
{"level":"info","message":"INV | ID: RA1411003010485  query: RA1411003010565","timestamp":"2016-05-01T15:06:04.881Z"}
{"level":"info","message":"VLD | ID: RA1411003010485  query: overall performance of RA1411003010565","timestamp":"2016-05-01T15:06:16.627Z"}
{"level":"info","message":"VLD | ID: RA1411003010485  query: how many students passed in maths","timestamp":"2016-05-18T16:08:06.459Z"}
{"level":"info","message":"VLD | ID: RA1411003010485  query: Id of devansh jain","timestamp":"2016-06-15T15:38:18.429Z"}
{"level":"info","message":"VLD | ID: RA1411003010485  query: Id of devans","timestamp":"2016-06-15T15:38:35.323Z"}
{"level":"info","message":"INV | ID: RA1411003010241  query: RA1411003010241","timestamp":"2016-06-16T03:53:50.777Z"}
{"level":"info","message":"INV | ID: RA1411003010241  query: RA1411003010240","timestamp":"2016-06-16T03:54:01.057Z"}
{"level":"info","message":"INV | ID: RA1411003010241  query: RA1411003010535","timestamp":"2016-06-16T03:54:09.012Z"}
{"level":"info","message":"VLD | ID: RA1411003010241  query: Id of Rohith Venkat","timestamp":"2016-06-16T03:54:27.080Z"}
{"level":"info","message":"VLD | ID: RA1411003010241  query: Id of Kshitij Kumar Agarwal","timestamp":"2016-06-16T03:54:45.409Z"}
{"level":"info","message":"VLD | ID: RA1411003010241  query: Id of Sayan Das","timestamp":"2016-06-16T03:54:57.450Z"}
{"level":"info","message":"INV | ID: RA1411003010241  query: my score","timestamp":"2016-06-16T03:55:08.098Z"}
{"level":"info","message":"INV | ID: RA1411003010241  query: my internals","timestamp":"2016-06-16T03:55:33.594Z"}
{"level":"info","message":"VLD | ID: RA1411003010241  query: how much i scored in dcf","timestamp":"2016-06-16T03:55:59.193Z"}
{"level":"info","message":"VLD | ID: RA1411003010241  query: how much i scored in dcf","timestamp":"2016-06-16T04:28:52.149Z"}
{"level":"info","message":"VLD | ID: RA1411003010241  query: how much i scored in dcf","timestamp":"2016-06-16T04:31:49.808Z"}
{"level":"info","message":"VLD | ID: RA1411003010485  query: students failed in maths","timestamp":"2016-06-16T18:27:52.840Z"}
{"level":"info","message":"INV | ID: RA1411003010485  query: Sudo Crawler 2016","timestamp":"2016-06-16T19:19:11.783Z"}
{"level":"info","message":"VLD | ID: RA1411003010485  query: students failed in maths","timestamp":"2016-06-16T19:19:39.363Z"}
{"level":"info","message":"VLD | ID: RA1411003010485  query: id of devansh","timestamp":"2016-06-16T19:21:16.021Z"}
